<?xml version="1.0" encoding="UTF-8"?>
<testsuite name="ru.spbstu.telematics.java.AppTest" time="0.01" tests="29" errors="0" skipped="0" failures="0">
  <properties>
    <property name="java.runtime.name" value="Java(TM) SE Runtime Environment"/>
    <property name="sun.boot.library.path" value="/usr/lib/jvm/java-8-oracle/jre/lib/amd64"/>
    <property name="java.vm.version" value="25.101-b13"/>
    <property name="java.vm.vendor" value="Oracle Corporation"/>
    <property name="maven.multiModuleProjectDirectory" value="/home/luck/JavaSecondLab"/>
    <property name="java.vendor.url" value="http://java.oracle.com/"/>
    <property name="path.separator" value=":"/>
    <property name="guice.disable.misplaced.annotation.check" value="true"/>
    <property name="java.vm.name" value="Java HotSpot(TM) 64-Bit Server VM"/>
    <property name="file.encoding.pkg" value="sun.io"/>
    <property name="user.country" value="US"/>
    <property name="sun.java.launcher" value="SUN_STANDARD"/>
    <property name="sun.os.patch.level" value="unknown"/>
    <property name="java.vm.specification.name" value="Java Virtual Machine Specification"/>
    <property name="user.dir" value="/home/luck/JavaSecondLab"/>
    <property name="java.runtime.version" value="1.8.0_101-b13"/>
    <property name="java.awt.graphicsenv" value="sun.awt.X11GraphicsEnvironment"/>
    <property name="java.endorsed.dirs" value="/usr/lib/jvm/java-8-oracle/jre/lib/endorsed"/>
    <property name="os.arch" value="amd64"/>
    <property name="java.io.tmpdir" value="/tmp"/>
    <property name="line.separator" value="&#10;"/>
    <property name="java.vm.specification.vendor" value="Oracle Corporation"/>
    <property name="os.name" value="Linux"/>
    <property name="classworlds.conf" value="/usr/share/maven/bin/m2.conf"/>
    <property name="sun.jnu.encoding" value="UTF-8"/>
    <property name="java.library.path" value=":/home/luck/Documents/ns-allinone-2.35/otcl-1.14:/home/luck/Documents/ns-allinone-2.35/lib:/usr/X11R6/lib:/usr/local/lib:/usr/java/packages/lib/amd64:/usr/lib64:/lib64:/lib:/usr/lib"/>
    <property name="java.specification.name" value="Java Platform API Specification"/>
    <property name="java.class.version" value="52.0"/>
    <property name="sun.management.compiler" value="HotSpot 64-Bit Tiered Compilers"/>
    <property name="os.version" value="4.4.0-42-generic"/>
    <property name="user.home" value="/home/luck"/>
    <property name="user.timezone" value="Europe/Moscow"/>
    <property name="java.awt.printerjob" value="sun.print.PSPrinterJob"/>
    <property name="file.encoding" value="UTF-8"/>
    <property name="java.specification.version" value="1.8"/>
    <property name="user.name" value="luck"/>
    <property name="java.class.path" value="/usr/share/maven/boot/plexus-classworlds-2.x.jar"/>
    <property name="java.vm.specification.version" value="1.8"/>
    <property name="sun.arch.data.model" value="64"/>
    <property name="java.home" value="/usr/lib/jvm/java-8-oracle/jre"/>
    <property name="sun.java.command" value="org.codehaus.plexus.classworlds.launcher.Launcher install"/>
    <property name="java.specification.vendor" value="Oracle Corporation"/>
    <property name="user.language" value="en"/>
    <property name="awt.toolkit" value="sun.awt.X11.XToolkit"/>
    <property name="java.vm.info" value="mixed mode"/>
    <property name="java.version" value="1.8.0_101"/>
    <property name="java.ext.dirs" value="/usr/lib/jvm/java-8-oracle/jre/lib/ext:/usr/java/packages/lib/ext"/>
    <property name="securerandom.source" value="file:/dev/./urandom"/>
    <property name="sun.boot.class.path" value="/usr/lib/jvm/java-8-oracle/jre/lib/resources.jar:/usr/lib/jvm/java-8-oracle/jre/lib/rt.jar:/usr/lib/jvm/java-8-oracle/jre/lib/sunrsasign.jar:/usr/lib/jvm/java-8-oracle/jre/lib/jsse.jar:/usr/lib/jvm/java-8-oracle/jre/lib/jce.jar:/usr/lib/jvm/java-8-oracle/jre/lib/charsets.jar:/usr/lib/jvm/java-8-oracle/jre/lib/jfr.jar:/usr/lib/jvm/java-8-oracle/jre/classes"/>
    <property name="java.vendor" value="Oracle Corporation"/>
    <property name="maven.home" value="/usr/share/maven"/>
    <property name="file.separator" value="/"/>
    <property name="java.vendor.url.bug" value="http://bugreport.sun.com/bugreport/"/>
    <property name="sun.cpu.endian" value="little"/>
    <property name="sun.io.unicode.encoding" value="UnicodeLittle"/>
    <property name="sun.desktop" value="gnome"/>
    <property name="sun.cpu.isalist" value=""/>
  </properties>
  <testcase name="testMapContains" classname="ru.spbstu.telematics.java.AppTest" time="0.003"/>
  <testcase name="testMapFirstKey" classname="ru.spbstu.telematics.java.AppTest" time="0"/>
  <testcase name="testSetIterator" classname="ru.spbstu.telematics.java.AppTest" time="0"/>
  <testcase name="testListIterator" classname="ru.spbstu.telematics.java.AppTest" time="0.001"/>
  <testcase name="testListEquals" classname="ru.spbstu.telematics.java.AppTest" time="0.001"/>
  <testcase name="testListClear" classname="ru.spbstu.telematics.java.AppTest" time="0"/>
  <testcase name="testListEmpty" classname="ru.spbstu.telematics.java.AppTest" time="0.001"/>
  <testcase name="testSetToString" classname="ru.spbstu.telematics.java.AppTest" time="0"/>
  <testcase name="testListRemove" classname="ru.spbstu.telematics.java.AppTest" time="0"/>
  <testcase name="testListAdd" classname="ru.spbstu.telematics.java.AppTest" time="0"/>
  <testcase name="testListGet" classname="ru.spbstu.telematics.java.AppTest" time="0"/>
  <testcase name="testListSet" classname="ru.spbstu.telematics.java.AppTest" time="0"/>
  <testcase name="testContains" classname="ru.spbstu.telematics.java.AppTest" time="0"/>
  <testcase name="testListToString" classname="ru.spbstu.telematics.java.AppTest" time="0.001"/>
  <testcase name="testMapSize" classname="ru.spbstu.telematics.java.AppTest" time="0"/>
  <testcase name="testMapReplace" classname="ru.spbstu.telematics.java.AppTest" time="0"/>
  <testcase name="testSetEquals" classname="ru.spbstu.telematics.java.AppTest" time="0"/>
  <testcase name="testListAddIndex" classname="ru.spbstu.telematics.java.AppTest" time="0"/>
  <testcase name="testMapClear" classname="ru.spbstu.telematics.java.AppTest" time="0"/>
  <testcase name="testMapToString" classname="ru.spbstu.telematics.java.AppTest" time="0.003"/>
  <testcase name="testSetRemove" classname="ru.spbstu.telematics.java.AppTest" time="0"/>
  <testcase name="testMapGet" classname="ru.spbstu.telematics.java.AppTest" time="0"/>
  <testcase name="testMapPut" classname="ru.spbstu.telematics.java.AppTest" time="0"/>
  <testcase name="testMapRemove" classname="ru.spbstu.telematics.java.AppTest" time="0"/>
  <testcase name="testSetSize" classname="ru.spbstu.telematics.java.AppTest" time="0"/>
  <testcase name="testSetAdd" classname="ru.spbstu.telematics.java.AppTest" time="0"/>
  <testcase name="testListSize" classname="ru.spbstu.telematics.java.AppTest" time="0"/>
  <testcase name="testSetClear" classname="ru.spbstu.telematics.java.AppTest" time="0"/>
  <testcase name="testSetEmpty" classname="ru.spbstu.telematics.java.AppTest" time="0"/>
</testsuite>